<?xml version="1.0" encoding="UTF-8"?>
<!-- Generated by org.testng.reporters.JUnitReportReporter -->
<testsuite skipped="0" hostname="Sinans-MacBook-Air.local" name="Academy.TagValidation_HomePage" tests="1" failures="0" timestamp="2019-02-07T14:40:33 GMT" time="80.506" errors="0">
  <testcase name="tagValid" time="80.506" classname="Academy.TagValidation_HomePage"/>
</testsuite> <!-- Academy.TagValidation_HomePage -->
