<?xml version="1.0" encoding="UTF-8"?>
<!-- Generated by org.testng.reporters.JUnitReportReporter -->
<testsuite skipped="0" hostname="Sinans-MacBook-Air.local" name="Academy.DataProdiver_HomePage" tests="3" failures="0" timestamp="2019-02-07T14:40:33 GMT" time="273.015" errors="0">
  <testcase name="basepageNavigation" time="79.543" classname="Academy.DataProdiver_HomePage"/>
  <testcase name="basepageNavigation" time="84.377" classname="Academy.DataProdiver_HomePage"/>
  <testcase name="basepageNavigation" time="109.095" classname="Academy.DataProdiver_HomePage"/>
</testsuite> <!-- Academy.DataProdiver_HomePage -->
