<?xml version="1.0" encoding="UTF-8"?>
<!-- Generated by org.testng.reporters.JUnitReportReporter -->
<testsuite skipped="0" hostname="Sinans-MacBook-Air.local" name="Academy.HomePage" tests="3" failures="0" timestamp="2019-02-07T14:40:33 GMT" time="249.089" errors="0">
  <testcase name="basepageNavigation" time="75.152" classname="Academy.HomePage"/>
  <testcase name="basepageNavigation" time="111.660" classname="Academy.HomePage"/>
  <testcase name="basepageNavigation" time="62.277" classname="Academy.HomePage"/>
</testsuite> <!-- Academy.HomePage -->
